build/app/intermediates/manifest_merge_blame_file/debug/manifest-merger-blame-debug-report.txt
1<?xml version="1.0" encoding="utf-8"?>
2<manifest xmlns:android="http://schemas.android.com/apk/res/android"
3    package="com.k.news"
4    android:versionCode="1"
5    android:versionName="1.0.0" >
6
7    <uses-sdk
8        android:minSdkVersion="21"
9        android:targetSdkVersion="33" />
10    <!--
11         The INTERNET permission is required for development. Specifically,
12         the Flutter tool needs it to communicate with the running application
13         to allow setting breakpoints, to provide hot reload, etc.
14    -->
15    <uses-permission android:name="android.permission.INTERNET" />
15-->src\main\AndroidManifest.xml:5:5-67
15-->src\main\AndroidManifest.xml:5:22-64
16    <uses-permission android:name="android.permission.ACCESS_NETWORK_STATE" />
16-->src\main\AndroidManifest.xml:6:5-79
16-->src\main\AndroidManifest.xml:6:22-76
17    <uses-permission android:name="android.permission.ACCESS_WIFI_STATE" />
17-->src\main\AndroidManifest.xml:7:5-76
17-->src\main\AndroidManifest.xml:7:22-73
18    <uses-permission android:name="com.google.android.gms.permission.AD_ID" />
18-->src\main\AndroidManifest.xml:8:5-79
18-->src\main\AndroidManifest.xml:8:22-76
19    <uses-permission android:name="android.permission.READ_PHONE_STATE" />
19-->src\main\AndroidManifest.xml:9:5-75
19-->src\main\AndroidManifest.xml:9:22-72
20    <uses-permission android:name="android.permission.WRITE_EXTERNAL_STORAGE" />
20-->src\main\AndroidManifest.xml:10:5-81
20-->src\main\AndroidManifest.xml:10:22-78
21    <uses-permission android:name="android.permission.READ_EXTERNAL_STORAGE" />
21-->src\main\AndroidManifest.xml:11:5-80
21-->src\main\AndroidManifest.xml:11:22-77
22    <uses-permission android:name="android.permission.WAKE_LOCK" /> <!-- Permissions options for the `notification` group -->
22-->[:firebase_messaging] AndroidManifest.xml:10:5-68
22-->[:firebase_messaging] AndroidManifest.xml:10:22-65
23    <uses-permission android:name="android.permission.POST_NOTIFICATIONS" />
23-->[:firebase_messaging] AndroidManifest.xml:13:5-77
23-->[:firebase_messaging] AndroidManifest.xml:13:22-74
24    <uses-permission android:name="android.permission.RECEIVE_BOOT_COMPLETED" />
24-->[:flutter_local_notifications] AndroidManifest.xml:9:5-81
24-->[:flutter_local_notifications] AndroidManifest.xml:9:22-78
25    <uses-permission android:name="android.permission.VIBRATE" />
25-->[:flutter_local_notifications] AndroidManifest.xml:10:5-66
25-->[:flutter_local_notifications] AndroidManifest.xml:10:22-63
26    <uses-permission android:name="android.permission.USE_FULL_SCREEN_INTENT" />
26-->[:flutter_local_notifications] AndroidManifest.xml:11:5-81
26-->[:flutter_local_notifications] AndroidManifest.xml:11:22-78
27    <uses-permission android:name="android.permission.SCHEDULE_EXACT_ALARM" />
27-->[:flutter_local_notifications] AndroidManifest.xml:12:5-79
27-->[:flutter_local_notifications] AndroidManifest.xml:12:22-76
28
29    <queries>
29-->[:file_picker] AndroidManifest.xml:11:5-17:15
30        <intent>
30-->[:file_picker] AndroidManifest.xml:12:9-16:18
31            <action android:name="android.intent.action.GET_CONTENT" />
31-->[:file_picker] AndroidManifest.xml:13:13-72
31-->[:file_picker] AndroidManifest.xml:13:21-69
32
33            <data android:mimeType="*/*" />
33-->[:file_picker] AndroidManifest.xml:15:13-44
33-->[:file_picker] AndroidManifest.xml:15:19-41
34        </intent>
35        <intent>
35-->[:flutter_inappwebview] AndroidManifest.xml:10:9-12:18
36            <action android:name="android.support.customtabs.action.CustomTabsService" />
36-->[:flutter_inappwebview] AndroidManifest.xml:11:13-90
36-->[:flutter_inappwebview] AndroidManifest.xml:11:21-87
37        </intent>
38
39        <package android:name="com.facebook.katana" /> <!-- For browser content -->
39-->[com.facebook.android:facebook-common:16.0.1] AndroidManifest.xml:18:9-55
39-->[com.facebook.android:facebook-common:16.0.1] AndroidManifest.xml:18:18-52
40        <intent>
40-->[com.google.android.gms:play-services-ads-lite:21.3.0] AndroidManifest.xml:31:9-37:18
41            <action android:name="android.intent.action.VIEW" />
41-->[com.facebook.android:facebook-common:16.0.1] AndroidManifest.xml:32:17-69
41-->[com.facebook.android:facebook-common:16.0.1] AndroidManifest.xml:32:25-66
42
43            <category android:name="android.intent.category.BROWSABLE" />
43-->[com.facebook.android:facebook-common:16.0.1] AndroidManifest.xml:35:17-78
43-->[com.facebook.android:facebook-common:16.0.1] AndroidManifest.xml:35:27-75
44
45            <data android:scheme="https" />
45-->[:file_picker] AndroidManifest.xml:15:13-44
46        </intent>
47        <intent>
47-->[androidx.media2:media2-session:1.2.1] AndroidManifest.xml:25:9-27:18
48            <action android:name="android.media.browse.MediaBrowserService" />
48-->[androidx.media2:media2-session:1.2.1] AndroidManifest.xml:26:13-79
48-->[androidx.media2:media2-session:1.2.1] AndroidManifest.xml:26:21-76
49        </intent>
50        <intent>
50-->[androidx.media2:media2-session:1.2.1] AndroidManifest.xml:28:9-30:18
51            <action android:name="androidx.media2.session.MediaSessionService" />
51-->[androidx.media2:media2-session:1.2.1] AndroidManifest.xml:29:13-82
51-->[androidx.media2:media2-session:1.2.1] AndroidManifest.xml:29:21-79
52        </intent>
53        <intent>
53-->[androidx.media2:media2-session:1.2.1] AndroidManifest.xml:31:9-33:18
54            <action android:name="androidx.media2.session.MediaLibraryService" />
54-->[androidx.media2:media2-session:1.2.1] AndroidManifest.xml:32:13-82
54-->[androidx.media2:media2-session:1.2.1] AndroidManifest.xml:32:21-79
55        </intent>
56    </queries>
57
58    <uses-permission android:name="android.permission.ACCESS_COARSE_LOCATION" />
58-->[:location] AndroidManifest.xml:9:5-81
58-->[:location] AndroidManifest.xml:9:22-78
59    <uses-permission android:name="android.permission.ACCESS_FINE_LOCATION" /> <!-- Required by older versions of Google Play services to create IID tokens -->
59-->[:location] AndroidManifest.xml:10:5-79
59-->[:location] AndroidManifest.xml:10:22-76
60    <uses-permission android:name="com.google.android.c2dm.permission.RECEIVE" />
60-->[com.google.firebase:firebase-messaging:23.2.0] AndroidManifest.xml:28:5-82
60-->[com.google.firebase:firebase-messaging:23.2.0] AndroidManifest.xml:28:22-79
61    <uses-permission android:name="com.google.android.finsky.permission.BIND_GET_INSTALL_REFERRER_SERVICE" />
61-->[com.google.android.gms:play-services-measurement:21.3.0] AndroidManifest.xml:26:5-110
61-->[com.google.android.gms:play-services-measurement:21.3.0] AndroidManifest.xml:26:22-107
62    <uses-permission android:name="android.permission.FOREGROUND_SERVICE" />
62-->[androidx.work:work-runtime:2.7.0] AndroidManifest.xml:28:5-77
62-->[androidx.work:work-runtime:2.7.0] AndroidManifest.xml:28:22-74
63
64    <permission
64-->[androidx.core:core:1.10.1] AndroidManifest.xml:22:5-24:47
65        android:name="com.k.news.DYNAMIC_RECEIVER_NOT_EXPORTED_PERMISSION"
65-->[androidx.core:core:1.10.1] AndroidManifest.xml:23:9-81
66        android:protectionLevel="signature" />
66-->[androidx.core:core:1.10.1] AndroidManifest.xml:24:9-44
67
68    <uses-permission android:name="com.k.news.DYNAMIC_RECEIVER_NOT_EXPORTED_PERMISSION" />
68-->[androidx.core:core:1.10.1] AndroidManifest.xml:26:5-97
68-->[androidx.core:core:1.10.1] AndroidManifest.xml:26:22-94
69
70    <application
71        android:name="android.app.Application"
72        android:appComponentFactory="androidx.core.app.CoreComponentFactory"
72-->[androidx.core:core:1.10.1] AndroidManifest.xml:28:18-86
73        android:debuggable="true"
74        android:hardwareAccelerated="true"
74-->[:facebook_audience_network] AndroidManifest.xml:9:18-52
75        android:icon="@mipmap/ic_launcher"
76        android:label="News App"
77        android:supportsRtl="true" >
77-->[com.facebook.android:facebook-login:16.0.1] AndroidManifest.xml:16:18-44
78        <activity
79            android:name="com.k.news.MainActivity"
80            android:configChanges="orientation|keyboardHidden|keyboard|screenSize|smallestScreenSize|locale|layoutDirection|fontScale|screenLayout|density|uiMode"
81            android:exported="true"
82            android:hardwareAccelerated="true"
83            android:launchMode="singleTop"
84            android:theme="@style/LaunchTheme"
85            android:windowSoftInputMode="adjustResize" >
86
87            <!--
88                 Specifies an Android theme to apply to this Activity as soon as
89                 the Android process has started. This theme is visible to the user
90                 while the Flutter UI initializes. After that, this theme continues
91                 to determine the Window background behind the Flutter UI.
92            -->
93            <meta-data
94                android:name="io.flutter.embedding.android.NormalTheme"
95                android:resource="@style/NormalTheme" />
96
97            <intent-filter>
98                <action android:name="android.intent.action.MAIN" />
99
100                <category android:name="android.intent.category.LAUNCHER" />
101            </intent-filter>
102            <intent-filter>
103                <action android:name="FLUTTER_NOTIFICATION_CLICK" />
104
105                <category android:name="android.intent.category.DEFAULT" />
105-->[com.facebook.android:facebook-common:16.0.1] AndroidManifest.xml:34:17-76
105-->[com.facebook.android:facebook-common:16.0.1] AndroidManifest.xml:34:27-73
106            </intent-filter>
107        </activity>
108        <!--
109             Don't delete the meta-data below.
110             This is used by the Flutter tool to generate GeneratedPluginRegistrant.java
111        -->
112        <meta-data
113            android:name="flutterEmbedding"
114            android:value="2" />
115
116        <!-- facebook login requirement -->
117        <meta-data
118            android:name="com.facebook.sdk.ApplicationId"
119            android:value="@string/facebook_app_id" />
120        <meta-data
121            android:name="com.facebook.sdk.ClientToken"
122            android:value="@string/facebook_client_token" />
123
124        <activity
125            android:name="com.facebook.FacebookActivity"
126            android:configChanges="keyboard|keyboardHidden|screenLayout|screenSize|orientation"
127            android:label="@string/app_name"
128            android:theme="@style/com_facebook_activity_theme" />
128-->[com.facebook.android:facebook-common:16.0.1] AndroidManifest.xml:25:13-63
129        <activity
130            android:name="com.facebook.CustomTabActivity"
131            android:exported="true" >
132            <intent-filter>
133                <action android:name="android.intent.action.VIEW" />
133-->[com.facebook.android:facebook-common:16.0.1] AndroidManifest.xml:32:17-69
133-->[com.facebook.android:facebook-common:16.0.1] AndroidManifest.xml:32:25-66
134
135                <category android:name="android.intent.category.DEFAULT" />
135-->[com.facebook.android:facebook-common:16.0.1] AndroidManifest.xml:34:17-76
135-->[com.facebook.android:facebook-common:16.0.1] AndroidManifest.xml:34:27-73
136                <category android:name="android.intent.category.BROWSABLE" />
136-->[com.facebook.android:facebook-common:16.0.1] AndroidManifest.xml:35:17-78
136-->[com.facebook.android:facebook-common:16.0.1] AndroidManifest.xml:35:27-75
137
138                <data android:scheme="@string/fb_login_protocol_scheme" />
138-->[:file_picker] AndroidManifest.xml:15:13-44
139            </intent-filter>
140            <intent-filter>
140-->[com.facebook.android:facebook-common:16.0.1] AndroidManifest.xml:31:13-40:29
141                <action android:name="android.intent.action.VIEW" />
141-->[com.facebook.android:facebook-common:16.0.1] AndroidManifest.xml:32:17-69
141-->[com.facebook.android:facebook-common:16.0.1] AndroidManifest.xml:32:25-66
142
143                <category android:name="android.intent.category.DEFAULT" />
143-->[com.facebook.android:facebook-common:16.0.1] AndroidManifest.xml:34:17-76
143-->[com.facebook.android:facebook-common:16.0.1] AndroidManifest.xml:34:27-73
144                <category android:name="android.intent.category.BROWSABLE" />
144-->[com.facebook.android:facebook-common:16.0.1] AndroidManifest.xml:35:17-78
144-->[com.facebook.android:facebook-common:16.0.1] AndroidManifest.xml:35:27-75
145
146                <data
146-->[:file_picker] AndroidManifest.xml:15:13-44
147                    android:host="cct.com.k.news"
148                    android:scheme="fbconnect" />
149            </intent-filter>
150        </activity>
151
152        <meta-data
153            android:name="com.google.firebase.messaging.default_notification_icon"
154            android:resource="@drawable/ic_launcher" />
155        <meta-data
156            android:name="com.google.android.gms.ads.APPLICATION_ID"
157            android:value="ca-app-pub-2310773470120036~3763173896" />
158
159        <service
159-->[:firebase_messaging] AndroidManifest.xml:16:9-19:72
160            android:name="io.flutter.plugins.firebase.messaging.FlutterFirebaseMessagingBackgroundService"
160-->[:firebase_messaging] AndroidManifest.xml:17:13-107
161            android:exported="false"
161-->[:firebase_messaging] AndroidManifest.xml:18:13-37
162            android:permission="android.permission.BIND_JOB_SERVICE" />
162-->[:firebase_messaging] AndroidManifest.xml:19:13-69
163        <service
163-->[:firebase_messaging] AndroidManifest.xml:20:9-26:19
164            android:name="io.flutter.plugins.firebase.messaging.FlutterFirebaseMessagingService"
164-->[:firebase_messaging] AndroidManifest.xml:21:13-97
165            android:exported="false" >
165-->[:firebase_messaging] AndroidManifest.xml:22:13-37
166            <intent-filter>
166-->[:firebase_messaging] AndroidManifest.xml:23:13-25:29
167                <action android:name="com.google.firebase.MESSAGING_EVENT" />
167-->[:firebase_messaging] AndroidManifest.xml:24:17-78
167-->[:firebase_messaging] AndroidManifest.xml:24:25-75
168            </intent-filter>
169        </service>
170
171        <receiver
171-->[:firebase_messaging] AndroidManifest.xml:28:9-35:20
172            android:name="io.flutter.plugins.firebase.messaging.FlutterFirebaseMessagingReceiver"
172-->[:firebase_messaging] AndroidManifest.xml:29:13-98
173            android:exported="true"
173-->[:firebase_messaging] AndroidManifest.xml:30:13-36
174            android:permission="com.google.android.c2dm.permission.SEND" >
174-->[:firebase_messaging] AndroidManifest.xml:31:13-73
175            <intent-filter>
175-->[:firebase_messaging] AndroidManifest.xml:32:13-34:29
176                <action android:name="com.google.android.c2dm.intent.RECEIVE" />
176-->[:firebase_messaging] AndroidManifest.xml:33:17-81
176-->[:firebase_messaging] AndroidManifest.xml:33:25-78
177            </intent-filter>
178        </receiver>
179
180        <service
180-->[:firebase_messaging] AndroidManifest.xml:37:9-41:19
181            android:name="com.google.firebase.components.ComponentDiscoveryService"
181-->[:firebase_messaging] AndroidManifest.xml:37:18-89
182            android:directBootAware="true"
182-->[com.google.firebase:firebase-common:20.3.3] AndroidManifest.xml:34:13-43
183            android:exported="false" >
183-->[com.google.firebase:firebase-auth:22.1.0] AndroidManifest.xml:68:13-37
184            <meta-data
184-->[:firebase_messaging] AndroidManifest.xml:38:13-40:85
185                android:name="com.google.firebase.components:io.flutter.plugins.firebase.messaging.FlutterFirebaseAppRegistrar"
185-->[:firebase_messaging] AndroidManifest.xml:39:17-128
186                android:value="com.google.firebase.components.ComponentRegistrar" />
186-->[:firebase_messaging] AndroidManifest.xml:40:17-82
187            <meta-data
187-->[:firebase_dynamic_links] AndroidManifest.xml:13:13-15:85
188                android:name="com.google.firebase.components:io.flutter.plugins.firebase.dynamiclinks.FlutterFirebaseAppRegistrar"
188-->[:firebase_dynamic_links] AndroidManifest.xml:14:17-131
189                android:value="com.google.firebase.components.ComponentRegistrar" />
189-->[:firebase_dynamic_links] AndroidManifest.xml:15:17-82
190            <meta-data
190-->[:firebase_auth] AndroidManifest.xml:11:13-13:85
191                android:name="com.google.firebase.components:io.flutter.plugins.firebase.auth.FlutterFirebaseAuthRegistrar"
191-->[:firebase_auth] AndroidManifest.xml:12:17-124
192                android:value="com.google.firebase.components.ComponentRegistrar" />
192-->[:firebase_auth] AndroidManifest.xml:13:17-82
193            <meta-data
193-->[:firebase_core] AndroidManifest.xml:11:13-13:85
194                android:name="com.google.firebase.components:io.flutter.plugins.firebase.core.FlutterFirebaseCoreRegistrar"
194-->[:firebase_core] AndroidManifest.xml:12:17-124
195                android:value="com.google.firebase.components.ComponentRegistrar" />
195-->[:firebase_core] AndroidManifest.xml:13:17-82
196            <meta-data
196-->[com.google.firebase:firebase-auth:22.1.0] AndroidManifest.xml:69:13-71:85
197                android:name="com.google.firebase.components:com.google.firebase.auth.FirebaseAuthRegistrar"
197-->[com.google.firebase:firebase-auth:22.1.0] AndroidManifest.xml:70:17-109
198                android:value="com.google.firebase.components.ComponentRegistrar" />
198-->[com.google.firebase:firebase-auth:22.1.0] AndroidManifest.xml:71:17-82
199            <meta-data
199-->[com.google.firebase:firebase-messaging:23.2.0] AndroidManifest.xml:55:13-57:85
200                android:name="com.google.firebase.components:com.google.firebase.messaging.FirebaseMessagingRegistrar"
200-->[com.google.firebase:firebase-messaging:23.2.0] AndroidManifest.xml:56:17-119
201                android:value="com.google.firebase.components.ComponentRegistrar" />
201-->[com.google.firebase:firebase-messaging:23.2.0] AndroidManifest.xml:57:17-82
202            <meta-data
202-->[com.google.firebase:firebase-dynamic-links:21.1.0] AndroidManifest.xml:26:13-28:85
203                android:name="com.google.firebase.components:com.google.firebase.dynamiclinks.internal.FirebaseDynamicLinkRegistrar"
203-->[com.google.firebase:firebase-dynamic-links:21.1.0] AndroidManifest.xml:27:17-133
204                android:value="com.google.firebase.components.ComponentRegistrar" />
204-->[com.google.firebase:firebase-dynamic-links:21.1.0] AndroidManifest.xml:28:17-82
205            <meta-data
205-->[com.google.android.gms:play-services-measurement-api:21.3.0] AndroidManifest.xml:31:13-33:85
206                android:name="com.google.firebase.components:com.google.firebase.analytics.connector.internal.AnalyticsConnectorRegistrar"
206-->[com.google.android.gms:play-services-measurement-api:21.3.0] AndroidManifest.xml:32:17-139
207                android:value="com.google.firebase.components.ComponentRegistrar" />
207-->[com.google.android.gms:play-services-measurement-api:21.3.0] AndroidManifest.xml:33:17-82
208            <meta-data
208-->[com.google.firebase:firebase-datatransport:18.1.7] AndroidManifest.xml:27:13-29:85
209                android:name="com.google.firebase.components:com.google.firebase.datatransport.TransportRegistrar"
209-->[com.google.firebase:firebase-datatransport:18.1.7] AndroidManifest.xml:28:17-115
210                android:value="com.google.firebase.components.ComponentRegistrar" />
210-->[com.google.firebase:firebase-datatransport:18.1.7] AndroidManifest.xml:29:17-82
211            <meta-data
211-->[com.google.firebase:firebase-iid:21.1.0] AndroidManifest.xml:32:13-34:85
212                android:name="com.google.firebase.components:com.google.firebase.iid.Registrar"
212-->[com.google.firebase:firebase-iid:21.1.0] AndroidManifest.xml:33:17-96
213                android:value="com.google.firebase.components.ComponentRegistrar" />
213-->[com.google.firebase:firebase-iid:21.1.0] AndroidManifest.xml:34:17-82
214            <meta-data
214-->[com.google.firebase:firebase-installations:17.1.3] AndroidManifest.xml:17:13-19:85
215                android:name="com.google.firebase.components:com.google.firebase.installations.FirebaseInstallationsRegistrar"
215-->[com.google.firebase:firebase-installations:17.1.3] AndroidManifest.xml:18:17-127
216                android:value="com.google.firebase.components.ComponentRegistrar" />
216-->[com.google.firebase:firebase-installations:17.1.3] AndroidManifest.xml:19:17-82
217        </service>
218
219        <provider
219-->[:firebase_messaging] AndroidManifest.xml:43:9-47:38
220            android:name="io.flutter.plugins.firebase.messaging.FlutterFirebaseMessagingInitProvider"
220-->[:firebase_messaging] AndroidManifest.xml:44:13-102
221            android:authorities="com.k.news.flutterfirebasemessaginginitprovider"
221-->[:firebase_messaging] AndroidManifest.xml:45:13-88
222            android:exported="false"
222-->[:firebase_messaging] AndroidManifest.xml:46:13-37
223            android:initOrder="99" />
223-->[:firebase_messaging] AndroidManifest.xml:47:13-35
224
225        <receiver
225-->[:flutter_local_notifications] AndroidManifest.xml:16:9-18:40
226            android:name="com.dexterous.flutterlocalnotifications.ActionBroadcastReceiver"
226-->[:flutter_local_notifications] AndroidManifest.xml:17:13-91
227            android:exported="false" />
227-->[:flutter_local_notifications] AndroidManifest.xml:18:13-37
228        <receiver
228-->[:flutter_local_notifications] AndroidManifest.xml:19:9-21:40
229            android:name="com.dexterous.flutterlocalnotifications.ScheduledNotificationReceiver"
229-->[:flutter_local_notifications] AndroidManifest.xml:20:13-97
230            android:exported="false" />
230-->[:flutter_local_notifications] AndroidManifest.xml:21:13-37
231        <receiver
231-->[:flutter_local_notifications] AndroidManifest.xml:22:9-31:20
232            android:name="com.dexterous.flutterlocalnotifications.ScheduledNotificationBootReceiver"
232-->[:flutter_local_notifications] AndroidManifest.xml:23:13-101
233            android:exported="false" >
233-->[:flutter_local_notifications] AndroidManifest.xml:24:13-37
234            <intent-filter>
234-->[:flutter_local_notifications] AndroidManifest.xml:25:13-30:29
235                <action android:name="android.intent.action.BOOT_COMPLETED" />
235-->[:flutter_local_notifications] AndroidManifest.xml:26:17-79
235-->[:flutter_local_notifications] AndroidManifest.xml:26:25-76
236                <action android:name="android.intent.action.MY_PACKAGE_REPLACED" />
236-->[:flutter_local_notifications] AndroidManifest.xml:27:17-84
236-->[:flutter_local_notifications] AndroidManifest.xml:27:25-81
237                <action android:name="android.intent.action.QUICKBOOT_POWERON" />
237-->[:flutter_local_notifications] AndroidManifest.xml:28:17-82
237-->[:flutter_local_notifications] AndroidManifest.xml:28:25-79
238                <action android:name="com.htc.intent.action.QUICKBOOT_POWERON" />
238-->[:flutter_local_notifications] AndroidManifest.xml:29:17-82
238-->[:flutter_local_notifications] AndroidManifest.xml:29:25-79
239            </intent-filter>
240        </receiver>
241
242        <activity
242-->[:flutter_inappwebview] AndroidManifest.xml:16:9-20:47
243            android:name="com.pichillilorenzo.flutter_inappwebview.in_app_browser.InAppBrowserActivity"
243-->[:flutter_inappwebview] AndroidManifest.xml:17:13-104
244            android:configChanges="orientation|keyboardHidden|keyboard|screenSize|locale|layoutDirection|fontScale|screenLayout|density"
244-->[:flutter_inappwebview] AndroidManifest.xml:18:13-137
245            android:exported="false"
245-->[:flutter_inappwebview] AndroidManifest.xml:19:13-37
246            android:theme="@style/AppTheme" />
246-->[:flutter_inappwebview] AndroidManifest.xml:20:13-44
247        <activity
247-->[:flutter_inappwebview] AndroidManifest.xml:21:9-24:55
248            android:name="com.pichillilorenzo.flutter_inappwebview.chrome_custom_tabs.ChromeCustomTabsActivity"
248-->[:flutter_inappwebview] AndroidManifest.xml:22:13-112
249            android:exported="false"
249-->[:flutter_inappwebview] AndroidManifest.xml:23:13-37
250            android:theme="@style/ThemeTransparent" />
250-->[:flutter_inappwebview] AndroidManifest.xml:24:13-52
251        <activity
251-->[:flutter_inappwebview] AndroidManifest.xml:25:9-28:55
252            android:name="com.pichillilorenzo.flutter_inappwebview.chrome_custom_tabs.TrustedWebActivity"
252-->[:flutter_inappwebview] AndroidManifest.xml:26:13-106
253            android:exported="false"
253-->[:flutter_inappwebview] AndroidManifest.xml:27:13-37
254            android:theme="@style/ThemeTransparent" />
254-->[:flutter_inappwebview] AndroidManifest.xml:28:13-52
255        <activity
255-->[:flutter_inappwebview] AndroidManifest.xml:29:9-33:55
256            android:name="com.pichillilorenzo.flutter_inappwebview.chrome_custom_tabs.ChromeCustomTabsActivitySingleInstance"
256-->[:flutter_inappwebview] AndroidManifest.xml:30:13-126
257            android:exported="false"
257-->[:flutter_inappwebview] AndroidManifest.xml:31:13-37
258            android:launchMode="singleInstance"
258-->[:flutter_inappwebview] AndroidManifest.xml:32:13-48
259            android:theme="@style/ThemeTransparent" />
259-->[:flutter_inappwebview] AndroidManifest.xml:33:13-52
260        <activity
260-->[:flutter_inappwebview] AndroidManifest.xml:34:9-38:55
261            android:name="com.pichillilorenzo.flutter_inappwebview.chrome_custom_tabs.TrustedWebActivitySingleInstance"
261-->[:flutter_inappwebview] AndroidManifest.xml:35:13-120
262            android:exported="false"
262-->[:flutter_inappwebview] AndroidManifest.xml:36:13-37
263            android:launchMode="singleInstance"
263-->[:flutter_inappwebview] AndroidManifest.xml:37:13-48
264            android:theme="@style/ThemeTransparent" />
264-->[:flutter_inappwebview] AndroidManifest.xml:38:13-52
265
266        <receiver
266-->[:flutter_inappwebview] AndroidManifest.xml:40:9-43:40
267            android:name="com.pichillilorenzo.flutter_inappwebview.chrome_custom_tabs.ActionBroadcastReceiver"
267-->[:flutter_inappwebview] AndroidManifest.xml:41:13-111
268            android:enabled="true"
268-->[:flutter_inappwebview] AndroidManifest.xml:42:13-35
269            android:exported="false" />
269-->[:flutter_inappwebview] AndroidManifest.xml:43:13-37
270
271        <meta-data
271-->[:flutter_inappwebview] AndroidManifest.xml:45:9-47:36
272            android:name="io.flutter.embedded_views_preview"
272-->[:flutter_inappwebview] AndroidManifest.xml:46:13-61
273            android:value="true" />
273-->[:flutter_inappwebview] AndroidManifest.xml:47:13-33
274        <!--
275           Declares a provider which allows us to store files to share in
276           '.../caches/share_plus' and grant the receiving action access
277        -->
278        <provider
278-->[:share_plus] AndroidManifest.xml:15:9-23:20
279            android:name="dev.fluttercommunity.plus.share.ShareFileProvider"
279-->[:share_plus] AndroidManifest.xml:16:13-77
280            android:authorities="com.k.news.flutter.share_provider"
280-->[:share_plus] AndroidManifest.xml:17:13-74
281            android:exported="false"
281-->[:share_plus] AndroidManifest.xml:18:13-37
282            android:grantUriPermissions="true" >
282-->[:share_plus] AndroidManifest.xml:19:13-47
283            <meta-data
283-->[:share_plus] AndroidManifest.xml:20:13-22:68
284                android:name="android.support.FILE_PROVIDER_PATHS"
284-->[:share_plus] AndroidManifest.xml:21:17-67
285                android:resource="@xml/flutter_share_file_paths" />
285-->[:share_plus] AndroidManifest.xml:22:17-65
286        </provider>
287        <!--
288           This manifest declared broadcast receiver allows us to use an explicit
289           Intent when creating a PendingItent to be informed of the user's choice
290        -->
291        <receiver
291-->[:share_plus] AndroidManifest.xml:28:9-34:20
292            android:name="dev.fluttercommunity.plus.share.SharePlusPendingIntent"
292-->[:share_plus] AndroidManifest.xml:29:13-82
293            android:exported="false" >
293-->[:share_plus] AndroidManifest.xml:30:13-37
294            <intent-filter>
294-->[:share_plus] AndroidManifest.xml:31:13-33:29
295                <action android:name="EXTRA_CHOSEN_COMPONENT" />
295-->[:share_plus] AndroidManifest.xml:32:17-65
295-->[:share_plus] AndroidManifest.xml:32:25-62
296            </intent-filter>
297        </receiver>
298
299        <provider
299-->[:image_picker_android] AndroidManifest.xml:10:9-18:20
300            android:name="io.flutter.plugins.imagepicker.ImagePickerFileProvider"
300-->[:image_picker_android] AndroidManifest.xml:11:13-82
301            android:authorities="com.k.news.flutter.image_provider"
301-->[:image_picker_android] AndroidManifest.xml:12:13-74
302            android:exported="false"
302-->[:image_picker_android] AndroidManifest.xml:13:13-37
303            android:grantUriPermissions="true" >
303-->[:image_picker_android] AndroidManifest.xml:14:13-47
304            <meta-data
304-->[:share_plus] AndroidManifest.xml:20:13-22:68
305                android:name="android.support.FILE_PROVIDER_PATHS"
305-->[:share_plus] AndroidManifest.xml:21:17-67
306                android:resource="@xml/flutter_image_picker_file_paths" />
306-->[:share_plus] AndroidManifest.xml:22:17-65
307        </provider>
308
309        <activity
309-->[:url_launcher_android] AndroidManifest.xml:10:9-13:74
310            android:name="io.flutter.plugins.urllauncher.WebViewActivity"
310-->[:url_launcher_android] AndroidManifest.xml:11:13-74
311            android:exported="false"